  s00_main.cpp
C:\Users\lvjinya\Desktop\p_pro_cpp_myExamples\myinclude\csv2\mio.hpp(763,40): warning C4244: “return”: 从“int64_t”转换到“size_t”，可能丢失数据
C:\Users\lvjinya\Desktop\p_pro_cpp_myExamples\myinclude\csv2\mio.hpp(786,59): warning C4244: “参数”: 从“const int64_t”转换到“size_t”，可能丢失数据
C:\Users\lvjinya\Desktop\p_pro_cpp_myExamples\myinclude\csv2\mio.hpp(799,72): warning C4244: “参数”: 从“const int64_t”转换到“SIZE_T”，可能丢失数据
C:\Users\lvjinya\Desktop\p_pro_cpp_myExamples\myinclude\csv2\mio.hpp(943,18): warning C4244: “=”: 从“const int64_t”转换到“mio::basic_mmap<mio::access_mode::read,char>::size_type”，可能丢失数据
C:\Users\lvjinya\Desktop\p_pro_cpp_myExamples\myinclude\csv2\mio.hpp(914): message : 在编译 类 模板 成员函数“void mio::basic_mmap<mio::access_mode::read,char>::map(const mio::basic_mmap<mio::access_mode::read,char>::handle_type,const mio::basic_mmap<mio::access_mode::read,char>::size_type,const mio::basic_mmap<mio::access_mode::read,char>::size_type,std::error_code &)”时
C:\Users\lvjinya\Desktop\p_pro_cpp_myExamples\myinclude\csv2\mio.hpp(905): message : 查看对正在编译的函数 模板 实例化“void mio::basic_mmap<mio::access_mode::read,char>::map(const mio::basic_mmap<mio::access_mode::read,char>::handle_type,const mio::basic_mmap<mio::access_mode::read,char>::size_type,const mio::basic_mmap<mio::access_mode::read,char>::size_type,std::error_code &)”的引用
C:\Users\lvjinya\Desktop\p_pro_cpp_myExamples\myinclude\csv2\mio.hpp(190): message : 查看对正在编译的函数 模板 实例化“void mio::basic_mmap<mio::access_mode::read,char>::map<char[19]>(const String (&),const mio::basic_mmap<mio::access_mode::read,char>::size_type,const mio::basic_mmap<mio::access_mode::read,char>::size_type,std::error_code &)”的引用
          with
          [
              String=char [19]
          ]
C:\Users\lvjinya\Desktop\p_pro_cpp_myExamples\myinclude\csv2\mio.hpp(190): message : 查看对正在编译的函数 模板 实例化“void mio::basic_mmap<mio::access_mode::read,char>::map<char[19]>(const String (&),const mio::basic_mmap<mio::access_mode::read,char>::size_type,const mio::basic_mmap<mio::access_mode::read,char>::size_type,std::error_code &)”的引用
          with
          [
              String=char [19]
          ]
C:\Users\lvjinya\Desktop\p_pro_cpp_myExamples\myinclude\csv2\reader.hpp(24): message : 查看对正在编译的函数 模板 实例化“mio::basic_mmap<mio::access_mode::read,char>::basic_mmap<char[19]>(const String (&),const mio::basic_mmap<mio::access_mode::read,char>::size_type,const mio::basic_mmap<mio::access_mode::read,char>::size_type)”的引用
          with
          [
              String=char [19]
          ]
C:\Users\lvjinya\Desktop\p_pro_cpp_myExamples\myinclude\csv2\reader.hpp(24): message : 查看对正在编译的函数 模板 实例化“mio::basic_mmap<mio::access_mode::read,char>::basic_mmap<char[19]>(const String (&),const mio::basic_mmap<mio::access_mode::read,char>::size_type,const mio::basic_mmap<mio::access_mode::read,char>::size_type)”的引用
          with
          [
              String=char [19]
          ]
C:\Users\lvjinya\Desktop\p_pro_cpp_myExamples\s02_csv_read_by_csv2.h(11): message : 查看对正在编译的函数 模板 实例化“bool csv2::Reader<csv2::delimiter<44>,csv2::quote_character<34>,csv2::first_row_is_header<true>,csv2::trim_policy::trim_whitespace>::mmap<const char(&)[19]>(StringType)”的引用
          with
          [
              StringType=const char (&)[19]
          ]
C:\Users\lvjinya\Desktop\p_pro_cpp_myExamples\s02_csv_read_by_csv2.h(11): message : 查看对正在编译的函数 模板 实例化“bool csv2::Reader<csv2::delimiter<44>,csv2::quote_character<34>,csv2::first_row_is_header<true>,csv2::trim_policy::trim_whitespace>::mmap<const char(&)[19]>(StringType)”的引用
          with
          [
              StringType=const char (&)[19]
          ]
C:\Users\lvjinya\Desktop\p_pro_cpp_myExamples\myinclude\csv2\mio.hpp(944,25): warning C4244: “=”: 从“const int64_t”转换到“mio::basic_mmap<mio::access_mode::read,char>::size_type”，可能丢失数据
  p_pro_cpp_myExamples.vcxproj -> C:\Users\lvjinya\Desktop\p_pro_cpp_myExamples\Debug\p_pro_cpp_myExamples.exe
